<?xml version="1.0" encoding="UTF-8"?>
<!-- Generated by org.testng.reporters.JUnitXMLReporter -->
<testsuite hostname="DESKTOP-OEKIA9R" name="Default test" tests="3" failures="0" timestamp="12 Dec 2019 00:57:13 GMT" time="97.728" errors="0">
  <testcase name="verifyHomePageTitle" time="0.174" classname="com.qa.hubspot.tests.HomePageTest"/>
  <testcase name="verifyHomePageHeaderTest" time="0.945" classname="com.qa.hubspot.tests.HomePageTest"/>
  <testcase name="verifyHomepageTeamActivityTest" time="1.018" classname="com.qa.hubspot.tests.HomePageTest"/>
</testsuite> <!-- Default test -->
