<?xml version="1.0" encoding="UTF-8"?>
<testng-results skipped="0" failed="0" total="3" passed="3">
  <reporter-output>
  </reporter-output>
  <suite name="Default suite" duration-ms="97728" started-at="2019-12-12T00:55:35Z" finished-at="2019-12-12T00:57:13Z">
    <groups>
    </groups>
    <test name="Default test" duration-ms="97728" started-at="2019-12-12T00:55:35Z" finished-at="2019-12-12T00:57:13Z">
      <class name="com.qa.hubspot.tests.HomePageTest">
        <test-method status="PASS" signature="setup()[pri:0, instance:com.qa.hubspot.tests.HomePageTest@21de60b4]" name="setup" is-config="true" duration-ms="28834" started-at="2019-12-11T18:55:36Z" finished-at="2019-12-11T18:56:05Z">
          <reporter-output>
          </reporter-output>
        </test-method> <!-- setup -->
        <test-method status="PASS" signature="verifyHomePageTitle()[pri:1, instance:com.qa.hubspot.tests.HomePageTest@21de60b4]" name="verifyHomePageTitle" duration-ms="174" started-at="2019-12-11T18:56:05Z" finished-at="2019-12-11T18:56:05Z">
          <reporter-output>
          </reporter-output>
        </test-method> <!-- verifyHomePageTitle -->
        <test-method status="PASS" signature="tearDown()[pri:0, instance:com.qa.hubspot.tests.HomePageTest@21de60b4]" name="tearDown" is-config="true" duration-ms="1027" started-at="2019-12-11T18:56:05Z" finished-at="2019-12-11T18:56:06Z">
          <reporter-output>
          </reporter-output>
        </test-method> <!-- tearDown -->
        <test-method status="PASS" signature="setup()[pri:0, instance:com.qa.hubspot.tests.HomePageTest@21de60b4]" name="setup" is-config="true" duration-ms="26029" started-at="2019-12-11T18:56:06Z" finished-at="2019-12-11T18:56:32Z">
          <reporter-output>
          </reporter-output>
        </test-method> <!-- setup -->
        <test-method status="PASS" signature="verifyHomePageHeaderTest()[pri:2, instance:com.qa.hubspot.tests.HomePageTest@21de60b4]" name="verifyHomePageHeaderTest" duration-ms="945" started-at="2019-12-11T18:56:32Z" finished-at="2019-12-11T18:56:33Z">
          <reporter-output>
          </reporter-output>
        </test-method> <!-- verifyHomePageHeaderTest -->
        <test-method status="PASS" signature="tearDown()[pri:0, instance:com.qa.hubspot.tests.HomePageTest@21de60b4]" name="tearDown" is-config="true" duration-ms="1363" started-at="2019-12-11T18:56:33Z" finished-at="2019-12-11T18:56:34Z">
          <reporter-output>
          </reporter-output>
        </test-method> <!-- tearDown -->
        <test-method status="PASS" signature="setup()[pri:0, instance:com.qa.hubspot.tests.HomePageTest@21de60b4]" name="setup" is-config="true" duration-ms="36454" started-at="2019-12-11T18:56:34Z" finished-at="2019-12-11T18:57:11Z">
          <reporter-output>
          </reporter-output>
        </test-method> <!-- setup -->
        <test-method status="PASS" signature="verifyHomepageTeamActivityTest()[pri:3, instance:com.qa.hubspot.tests.HomePageTest@21de60b4]" name="verifyHomepageTeamActivityTest" duration-ms="1018" started-at="2019-12-11T18:57:11Z" finished-at="2019-12-11T18:57:12Z">
          <reporter-output>
          </reporter-output>
        </test-method> <!-- verifyHomepageTeamActivityTest -->
        <test-method status="PASS" signature="tearDown()[pri:0, instance:com.qa.hubspot.tests.HomePageTest@21de60b4]" name="tearDown" is-config="true" duration-ms="963" started-at="2019-12-11T18:57:12Z" finished-at="2019-12-11T18:57:13Z">
          <reporter-output>
          </reporter-output>
        </test-method> <!-- tearDown -->
      </class> <!-- com.qa.hubspot.tests.HomePageTest -->
    </test> <!-- Default test -->
  </suite> <!-- Default suite -->
</testng-results>
